<?xml version='1.0' encoding='UTF-8'?>
<result plugin="junit@1.6">
  <suites>
    <suite>
      <file>/var/lib/jenkins/jobs/example/workspace/generatedJUnitFiles/JUnit/TEST-597109720.xml</file>
      <name>Create User on test site</name>
      <stdout>
    
  </stdout>
      <stderr>
    
  </stderr>
      <duration>0.004039</duration>
      <cases>
        <case>
          <duration>0.002435</duration>
          <className>Create User on test site</className>
          <testName>Create new user that doesn&apos;t exist</testName>
          <skipped>false</skipped>
          <stdout></stdout>
          <stderr></stderr>
          <failedSince>0</failedSince>
        </case>
        <case>
          <duration>0.001604</duration>
          <className>Create User on test site</className>
          <testName>Create new user that already exists</testName>
          <skipped>false</skipped>
          <stdout></stdout>
          <stderr></stderr>
          <failedSince>0</failedSince>
        </case>
      </cases>
    </suite>
  </suites>
  <duration>0.004039</duration>
  <keepLongStdio>true</keepLongStdio>
</result>